<html>
<body>
<pre>
<h1>Vision Build Log</h1>
<h2>Project:</h2>
D:\Keil uV4\Project\Test2\Test2.uvproj
Project File Date:  07/02/2016

<h2>Output:</h2>
Rebuild target '目标 1'
compiling Delay.c...
compiling NRF24L01_RX.c...
source code\NRF24L01_RX.c(5): warning C318: can't open file 'NRF24L01_RX.h'
source code\NRF24L01_RX.c(10): error C202: 'RX_ADR_WITH': undefined identifier
source code\NRF24L01_RX.c(10): error C136: invalid dimension size: [0]
source code\NRF24L01_RX.c(11): error C202: 'TX_ADR_WITH': undefined identifier
source code\NRF24L01_RX.c(11): error C136: invalid dimension size: [0]
source code\NRF24L01_RX.c(28): error C202: 'MOSI': undefined identifier
source code\NRF24L01_RX.c(30): error C202: 'SCK': undefined identifier
source code\NRF24L01_RX.c(31): error C202: 'MISO': undefined identifier
source code\NRF24L01_RX.c(32): error C202: 'SCK': undefined identifier
source code\NRF24L01_RX.c(41): error C202: 'CSN': undefined identifier
source code\NRF24L01_RX.c(44): error C202: 'CSN': undefined identifier
source code\NRF24L01_RX.c(53): error C202: 'CSN': undefined identifier
source code\NRF24L01_RX.c(56): error C202: 'CSN': undefined identifier
source code\NRF24L01_RX.c(64): error C202: 'CSN': undefined identifier
source code\NRF24L01_RX.c(68): error C202: 'CSN': undefined identifier
source code\NRF24L01_RX.c(76): error C202: 'CSN': undefined identifier
source code\NRF24L01_RX.c(80): error C202: 'CSN': undefined identifier
compiling Test2.c...
source code\Test2.c(3): warning C318: can't open file 'NRF24L01_RX.h'
source code\Test2.c(27): error C202: 'CSN': undefined identifier
source code\Test2.c(28): error C202: 'CE': undefined identifier
source code\Test2.c(29): error C202: 'SCK': undefined identifier
source code\Test2.c(31): error C202: 'WRITE_REG': undefined identifier
source code\Test2.c(33): error C202: 'READ_REG': undefined identifier
Target not created
Rebuild target '目标 1'
compiling Delay.c...
compiling NRF24L01_RX.c...
compiling Test2.c...
linking...
*** WARNING L16: UNCALLED SEGMENT, IGNORED FOR OVERLAY PROCESS
    SEGMENT: ?PR?_SPI_READ_BUF?NRF24L01_RX
*** WARNING L16: UNCALLED SEGMENT, IGNORED FOR OVERLAY PROCESS
    SEGMENT: ?PR?_SPI_WRITE_BUF?NRF24L01_RX
Program Size: data=30.0 xdata=0 code=469
creating hex file from ".\Output\Test"...
".\Output\Test" - 0 Error(s), 2 Warning(s).
Rebuild target '目标 1'
compiling Delay.c...
compiling NRF24L01_RX.c...
compiling Test2.c...
linking...
*** WARNING L16: UNCALLED SEGMENT, IGNORED FOR OVERLAY PROCESS
    SEGMENT: ?PR?_SPI_READ_BUF?NRF24L01_RX
*** WARNING L16: UNCALLED SEGMENT, IGNORED FOR OVERLAY PROCESS
    SEGMENT: ?PR?_SPI_WRITE_BUF?NRF24L01_RX
Program Size: data=30.0 xdata=0 code=469
creating hex file from ".\Output\Test"...
".\Output\Test" - 0 Error(s), 2 Warning(s).
Rebuild target '目标 1'
compiling Delay.c...
compiling NRF24L01_RX.c...
compiling Test2.c...
linking...
*** WARNING L16: UNCALLED SEGMENT, IGNORED FOR OVERLAY PROCESS
    SEGMENT: ?PR?_SPI_READ_BUF?NRF24L01_RX
*** WARNING L16: UNCALLED SEGMENT, IGNORED FOR OVERLAY PROCESS
    SEGMENT: ?PR?_SPI_WRITE_BUF?NRF24L01_RX
Program Size: data=30.0 xdata=0 code=469
creating hex file from ".\Output\Test"...
".\Output\Test" - 0 Error(s), 2 Warning(s).
Rebuild target '目标 1'
compiling Delay.c...
compiling NRF24L01_RX.c...
compiling Test2.c...
linking...
*** WARNING L16: UNCALLED SEGMENT, IGNORED FOR OVERLAY PROCESS
    SEGMENT: ?PR?_SPI_READ_BUF?NRF24L01_RX
*** WARNING L16: UNCALLED SEGMENT, IGNORED FOR OVERLAY PROCESS
    SEGMENT: ?PR?_SPI_WRITE_BUF?NRF24L01_RX
Program Size: data=30.0 xdata=0 code=469
creating hex file from ".\Output\Test2"...
".\Output\Test2" - 0 Error(s), 2 Warning(s).
Rebuild target '目标 1'
compiling Delay.c...
compiling NRF24L01_RX.c...
compiling Test2.c...
source code\Test2.c(1): warning C318: can't open file '89c52.h'
.\Include\NRF24L01_RX.h(13): error C202: 'P2': undefined identifier
.\Include\NRF24L01_RX.h(14): error C202: 'P2': undefined identifier
.\Include\NRF24L01_RX.h(15): error C202: 'P2': undefined identifier
.\Include\NRF24L01_RX.h(16): error C202: 'P2': undefined identifier
.\Include\NRF24L01_RX.h(17): error C202: 'P2': undefined identifier
.\Include\NRF24L01_RX.h(18): error C202: 'P2': undefined identifier
source code\Test2.c(10): error C202: 'TMOD': undefined identifier
source code\Test2.c(11): error C202: 'TMOD': undefined identifier
source code\Test2.c(12): error C202: 'SCON': undefined identifier
source code\Test2.c(13): error C202: 'TH1': undefined identifier
source code\Test2.c(14): error C202: 'TL1': undefined identifier
source code\Test2.c(15): error C202: 'ET1': undefined identifier
source code\Test2.c(16): error C202: 'TR1': undefined identifier
source code\Test2.c(27): error C202: 'CSN': undefined identifier
source code\Test2.c(28): error C202: 'CE': undefined identifier
source code\Test2.c(29): error C202: 'SCK': undefined identifier
source code\Test2.c(34): error C202: 'SBUF': undefined identifier
source code\Test2.c(35): error C202: 'TI': undefined identifier
source code\Test2.c(36): error C202: 'TI': undefined identifier
Target not created
Rebuild target '目标 1'
compiling Delay.c...
compiling NRF24L01_RX.c...
compiling Test2.c...
source code\Test2.c(1): warning C318: can't open file '89c51.h'
.\Include\NRF24L01_RX.h(13): error C202: 'P2': undefined identifier
.\Include\NRF24L01_RX.h(14): error C202: 'P2': undefined identifier
.\Include\NRF24L01_RX.h(15): error C202: 'P2': undefined identifier
.\Include\NRF24L01_RX.h(16): error C202: 'P2': undefined identifier
.\Include\NRF24L01_RX.h(17): error C202: 'P2': undefined identifier
.\Include\NRF24L01_RX.h(18): error C202: 'P2': undefined identifier
source code\Test2.c(10): error C202: 'TMOD': undefined identifier
source code\Test2.c(11): error C202: 'TMOD': undefined identifier
source code\Test2.c(12): error C202: 'SCON': undefined identifier
source code\Test2.c(13): error C202: 'TH1': undefined identifier
source code\Test2.c(14): error C202: 'TL1': undefined identifier
source code\Test2.c(15): error C202: 'ET1': undefined identifier
source code\Test2.c(16): error C202: 'TR1': undefined identifier
source code\Test2.c(27): error C202: 'CSN': undefined identifier
source code\Test2.c(28): error C202: 'CE': undefined identifier
source code\Test2.c(29): error C202: 'SCK': undefined identifier
source code\Test2.c(34): error C202: 'SBUF': undefined identifier
source code\Test2.c(35): error C202: 'TI': undefined identifier
source code\Test2.c(36): error C202: 'TI': undefined identifier
Target not created
Rebuild target '目标 1'
compiling Delay.c...
compiling NRF24L01_RX.c...
compiling Test2.c...
linking...
*** WARNING L16: UNCALLED SEGMENT, IGNORED FOR OVERLAY PROCESS
    SEGMENT: ?PR?_SPI_READ_BUF?NRF24L01_RX
*** WARNING L16: UNCALLED SEGMENT, IGNORED FOR OVERLAY PROCESS
    SEGMENT: ?PR?_SPI_WRITE_BUF?NRF24L01_RX
Program Size: data=30.0 xdata=0 code=469
creating hex file from ".\Output\Test2"...
".\Output\Test2" - 0 Error(s), 2 Warning(s).
Rebuild target '目标 1'
compiling Delay.c...
compiling NRF24L01_RX.c...
compiling Test2.c...
linking...
*** WARNING L16: UNCALLED SEGMENT, IGNORED FOR OVERLAY PROCESS
    SEGMENT: ?PR?_SPI_RW_REG?NRF24L01_RX
*** WARNING L16: UNCALLED SEGMENT, IGNORED FOR OVERLAY PROCESS
    SEGMENT: ?PR?_SPI_READ?NRF24L01_RX
*** WARNING L16: UNCALLED SEGMENT, IGNORED FOR OVERLAY PROCESS
    SEGMENT: ?PR?_SPI_READ_BUF?NRF24L01_RX
*** WARNING L16: UNCALLED SEGMENT, IGNORED FOR OVERLAY PROCESS
    SEGMENT: ?PR?_SPI_WRITE_BUF?NRF24L01_RX
Program Size: data=30.0 xdata=0 code=442
creating hex file from ".\Output\Test2"...
".\Output\Test2" - 0 Error(s), 4 Warning(s).
Rebuild target '目标 1'
compiling Delay.c...
compiling NRF24L01_RX.c...
compiling Test2.c...
linking...
*** WARNING L16: UNCALLED SEGMENT, IGNORED FOR OVERLAY PROCESS
    SEGMENT: ?PR?_SPI_RW_REG?NRF24L01_RX
*** WARNING L16: UNCALLED SEGMENT, IGNORED FOR OVERLAY PROCESS
    SEGMENT: ?PR?_SPI_READ?NRF24L01_RX
*** WARNING L16: UNCALLED SEGMENT, IGNORED FOR OVERLAY PROCESS
    SEGMENT: ?PR?_SPI_READ_BUF?NRF24L01_RX
*** WARNING L16: UNCALLED SEGMENT, IGNORED FOR OVERLAY PROCESS
    SEGMENT: ?PR?_SPI_WRITE_BUF?NRF24L01_RX
Program Size: data=30.0 xdata=0 code=442
creating hex file from ".\Output\Test2"...
".\Output\Test2" - 0 Error(s), 4 Warning(s).
Rebuild target '目标 1'
compiling Delay.c...
compiling NRF24L01_RX.c...
compiling Test2.c...
linking...
*** WARNING L16: UNCALLED SEGMENT, IGNORED FOR OVERLAY PROCESS
    SEGMENT: ?PR?_SPI_READ_BUF?NRF24L01_RX
*** WARNING L16: UNCALLED SEGMENT, IGNORED FOR OVERLAY PROCESS
    SEGMENT: ?PR?_SPI_WRITE_BUF?NRF24L01_RX
Program Size: data=30.0 xdata=0 code=469
creating hex file from ".\Output\Test2"...
".\Output\Test2" - 0 Error(s), 2 Warning(s).
Rebuild target '目标 1'
compiling Delay.c...
compiling NRF24L01_RX.c...
compiling Test2.c...
linking...
*** WARNING L16: UNCALLED SEGMENT, IGNORED FOR OVERLAY PROCESS
    SEGMENT: ?PR?_SPI_READ_BUF?NRF24L01_RX
*** WARNING L16: UNCALLED SEGMENT, IGNORED FOR OVERLAY PROCESS
    SEGMENT: ?PR?_SPI_WRITE_BUF?NRF24L01_RX
Program Size: data=30.0 xdata=0 code=469
creating hex file from ".\Output\Test2"...
".\Output\Test2" - 0 Error(s), 2 Warning(s).
Rebuild target '目标 1'
compiling Delay.c...
compiling NRF24L01_RX.c...
compiling Test2.c...
linking...
*** WARNING L16: UNCALLED SEGMENT, IGNORED FOR OVERLAY PROCESS
    SEGMENT: ?PR?_SPI_READ_BUF?NRF24L01_RX
*** WARNING L16: UNCALLED SEGMENT, IGNORED FOR OVERLAY PROCESS
    SEGMENT: ?PR?_SPI_WRITE_BUF?NRF24L01_RX
Program Size: data=30.0 xdata=0 code=469
creating hex file from ".\Output\Test2"...
".\Output\Test2" - 0 Error(s), 2 Warning(s).
Rebuild target '目标 1'
compiling Delay.c...
compiling NRF24L01_RX.c...
compiling Test2.c...
linking...
*** WARNING L16: UNCALLED SEGMENT, IGNORED FOR OVERLAY PROCESS
    SEGMENT: ?PR?_SPI_READ_BUF?NRF24L01_RX
*** WARNING L16: UNCALLED SEGMENT, IGNORED FOR OVERLAY PROCESS
    SEGMENT: ?PR?_SPI_WRITE_BUF?NRF24L01_RX
Program Size: data=30.0 xdata=0 code=469
creating hex file from ".\Output\Test2"...
".\Output\Test2" - 0 Error(s), 2 Warning(s).
Rebuild target '目标 1'
compiling Delay.c...
compiling NRF24L01_RX.c...
compiling Test2.c...
linking...
*** WARNING L16: UNCALLED SEGMENT, IGNORED FOR OVERLAY PROCESS
    SEGMENT: ?PR?_SPI_READ_BUF?NRF24L01_RX
*** WARNING L16: UNCALLED SEGMENT, IGNORED FOR OVERLAY PROCESS
    SEGMENT: ?PR?_SPI_WRITE_BUF?NRF24L01_RX
Program Size: data=30.0 xdata=0 code=469
creating hex file from ".\Output\Test2"...
".\Output\Test2" - 0 Error(s), 2 Warning(s).
Rebuild target '目标 1'
compiling Delay.c...
compiling NRF24L01_RX.c...
compiling Test2.c...
linking...
*** WARNING L16: UNCALLED SEGMENT, IGNORED FOR OVERLAY PROCESS
    SEGMENT: ?PR?_SPI_READ_BUF?NRF24L01_RX
*** WARNING L16: UNCALLED SEGMENT, IGNORED FOR OVERLAY PROCESS
    SEGMENT: ?PR?_SPI_WRITE_BUF?NRF24L01_RX
Program Size: data=30.0 xdata=0 code=469
creating hex file from ".\Output\Test2"...
".\Output\Test2" - 0 Error(s), 2 Warning(s).
Rebuild target '目标 1'
compiling Delay.c...
compiling NRF24L01_RX.c...
compiling Test2.c...
linking...
*** WARNING L16: UNCALLED SEGMENT, IGNORED FOR OVERLAY PROCESS
    SEGMENT: ?PR?_SPI_READ_BUF?NRF24L01_RX
*** WARNING L16: UNCALLED SEGMENT, IGNORED FOR OVERLAY PROCESS
    SEGMENT: ?PR?_SPI_WRITE_BUF?NRF24L01_RX
Program Size: data=30.0 xdata=0 code=469
creating hex file from ".\Output\Test2"...
".\Output\Test2" - 0 Error(s), 2 Warning(s).
Rebuild target '目标 1'
compiling Delay.c...
compiling NRF24L01_RX.c...
compiling Test2.c...
linking...
*** WARNING L16: UNCALLED SEGMENT, IGNORED FOR OVERLAY PROCESS
    SEGMENT: ?PR?_SPI_READ_BUF?NRF24L01_RX
*** WARNING L16: UNCALLED SEGMENT, IGNORED FOR OVERLAY PROCESS
    SEGMENT: ?PR?_SPI_WRITE_BUF?NRF24L01_RX
Program Size: data=30.0 xdata=0 code=469
creating hex file from ".\Output\Test2"...
".\Output\Test2" - 0 Error(s), 2 Warning(s).
Rebuild target '目标 1'
compiling Delay.c...
compiling NRF24L01_RX.c...
compiling Test2.c...
linking...
*** WARNING L16: UNCALLED SEGMENT, IGNORED FOR OVERLAY PROCESS
    SEGMENT: ?PR?_SPI_READ_BUF?NRF24L01_RX
*** WARNING L16: UNCALLED SEGMENT, IGNORED FOR OVERLAY PROCESS
    SEGMENT: ?PR?_SPI_WRITE_BUF?NRF24L01_RX
Program Size: data=30.0 xdata=0 code=469
creating hex file from ".\Output\Test2"...
".\Output\Test2" - 0 Error(s), 2 Warning(s).
Rebuild target '目标 1'
compiling Delay.c...
compiling NRF24L01_RX.c...
compiling Test2.c...
linking...
*** WARNING L16: UNCALLED SEGMENT, IGNORED FOR OVERLAY PROCESS
    SEGMENT: ?PR?_SPI_READ_BUF?NRF24L01_RX
*** WARNING L16: UNCALLED SEGMENT, IGNORED FOR OVERLAY PROCESS
    SEGMENT: ?PR?_SPI_WRITE_BUF?NRF24L01_RX
Program Size: data=30.0 xdata=0 code=469
creating hex file from ".\Output\Test2"...
".\Output\Test2" - 0 Error(s), 2 Warning(s).
Rebuild target '目标 1'
compiling Delay.c...
compiling NRF24L01_RX.c...
compiling Test2.c...
linking...
*** WARNING L16: UNCALLED SEGMENT, IGNORED FOR OVERLAY PROCESS
    SEGMENT: ?PR?_SPI_READ_BUF?NRF24L01_RX
*** WARNING L16: UNCALLED SEGMENT, IGNORED FOR OVERLAY PROCESS
    SEGMENT: ?PR?_SPI_WRITE_BUF?NRF24L01_RX
Program Size: data=30.0 xdata=0 code=469
creating hex file from ".\Output\Test2"...
".\Output\Test2" - 0 Error(s), 2 Warning(s).
Rebuild target '目标 1'
compiling Delay.c...
compiling NRF24L01_RX.c...
compiling Test2.c...
linking...
*** WARNING L16: UNCALLED SEGMENT, IGNORED FOR OVERLAY PROCESS
    SEGMENT: ?PR?_SPI_READ_BUF?NRF24L01_RX
*** WARNING L16: UNCALLED SEGMENT, IGNORED FOR OVERLAY PROCESS
    SEGMENT: ?PR?_SPI_WRITE_BUF?NRF24L01_RX
Program Size: data=30.0 xdata=0 code=469
creating hex file from ".\Output\Test2"...
".\Output\Test2" - 0 Error(s), 2 Warning(s).
Rebuild target '目标 1'
compiling Delay.c...
compiling NRF24L01_RX.c...
compiling Test2.c...
linking...
*** WARNING L16: UNCALLED SEGMENT, IGNORED FOR OVERLAY PROCESS
    SEGMENT: ?PR?_SPI_RW_REG?NRF24L01_RX
*** WARNING L16: UNCALLED SEGMENT, IGNORED FOR OVERLAY PROCESS
    SEGMENT: ?PR?_SPI_READ?NRF24L01_RX
*** WARNING L16: UNCALLED SEGMENT, IGNORED FOR OVERLAY PROCESS
    SEGMENT: ?PR?_SPI_READ_BUF?NRF24L01_RX
*** WARNING L16: UNCALLED SEGMENT, IGNORED FOR OVERLAY PROCESS
    SEGMENT: ?PR?_SPI_WRITE_BUF?NRF24L01_RX
Program Size: data=30.0 xdata=0 code=448
creating hex file from ".\Output\Test2"...
".\Output\Test2" - 0 Error(s), 4 Warning(s).
Rebuild target '目标 1'
compiling Delay.c...
compiling NRF24L01_RX.c...
compiling Test2.c...
linking...
*** WARNING L16: UNCALLED SEGMENT, IGNORED FOR OVERLAY PROCESS
    SEGMENT: ?PR?_SPI_READ_BUF?NRF24L01_RX
*** WARNING L16: UNCALLED SEGMENT, IGNORED FOR OVERLAY PROCESS
    SEGMENT: ?PR?_SPI_WRITE_BUF?NRF24L01_RX
Program Size: data=30.0 xdata=0 code=462
creating hex file from ".\Output\Test2"...
".\Output\Test2" - 0 Error(s), 2 Warning(s).
Rebuild target '目标 1'
compiling Delay.c...
compiling NRF24L01_RX.c...
compiling Test2.c...
linking...
*** WARNING L16: UNCALLED SEGMENT, IGNORED FOR OVERLAY PROCESS
    SEGMENT: ?PR?_SPI_READ_BUF?NRF24L01_RX
*** WARNING L16: UNCALLED SEGMENT, IGNORED FOR OVERLAY PROCESS
    SEGMENT: ?PR?_SPI_WRITE_BUF?NRF24L01_RX
Program Size: data=30.0 xdata=0 code=462
creating hex file from ".\Output\Test2"...
".\Output\Test2" - 0 Error(s), 2 Warning(s).
Rebuild target '目标 1'
compiling Delay.c...
compiling NRF24L01_RX.c...
compiling Test2.c...
linking...
*** WARNING L16: UNCALLED SEGMENT, IGNORED FOR OVERLAY PROCESS
    SEGMENT: ?PR?_SPI_READ_BUF?NRF24L01_RX
*** WARNING L16: UNCALLED SEGMENT, IGNORED FOR OVERLAY PROCESS
    SEGMENT: ?PR?_SPI_WRITE_BUF?NRF24L01_RX
Program Size: data=30.0 xdata=0 code=462
creating hex file from ".\Output\Test2"...
".\Output\Test2" - 0 Error(s), 2 Warning(s).
Rebuild target '目标 1'
compiling Delay.c...
compiling NRF24L01_RX.c...
compiling Test2.c...
linking...
*** WARNING L16: UNCALLED SEGMENT, IGNORED FOR OVERLAY PROCESS
    SEGMENT: ?PR?_SPI_READ_BUF?NRF24L01_RX
*** WARNING L16: UNCALLED SEGMENT, IGNORED FOR OVERLAY PROCESS
    SEGMENT: ?PR?_SPI_WRITE_BUF?NRF24L01_RX
Program Size: data=30.0 xdata=0 code=462
creating hex file from ".\Output\Test2"...
".\Output\Test2" - 0 Error(s), 2 Warning(s).
Rebuild target '目标 1'
compiling Delay.c...
compiling NRF24L01_RX.c...
compiling Test2.c...
linking...
*** WARNING L16: UNCALLED SEGMENT, IGNORED FOR OVERLAY PROCESS
    SEGMENT: ?PR?_SPI_READ_BUF?NRF24L01_RX
*** WARNING L16: UNCALLED SEGMENT, IGNORED FOR OVERLAY PROCESS
    SEGMENT: ?PR?_SPI_WRITE_BUF?NRF24L01_RX
Program Size: data=30.0 xdata=0 code=462
creating hex file from ".\Output\Test2"...
".\Output\Test2" - 0 Error(s), 2 Warning(s).
Rebuild target '目标 1'
compiling Delay.c...
compiling NRF24L01_RX.c...
compiling Test2.c...
linking...
*** WARNING L16: UNCALLED SEGMENT, IGNORED FOR OVERLAY PROCESS
    SEGMENT: ?PR?_DELAYMS?DELAY
*** WARNING L16: UNCALLED SEGMENT, IGNORED FOR OVERLAY PROCESS
    SEGMENT: ?PR?_SPI_RW_REG?NRF24L01_RX
*** WARNING L16: UNCALLED SEGMENT, IGNORED FOR OVERLAY PROCESS
    SEGMENT: ?PR?_SPI_READ?NRF24L01_RX
*** WARNING L16: UNCALLED SEGMENT, IGNORED FOR OVERLAY PROCESS
    SEGMENT: ?PR?_SPI_READ_BUF?NRF24L01_RX
*** WARNING L16: UNCALLED SEGMENT, IGNORED FOR OVERLAY PROCESS
    SEGMENT: ?PR?_SPI_WRITE_BUF?NRF24L01_RX
*** WARNING L16: UNCALLED SEGMENT, IGNORED FOR OVERLAY PROCESS
    SEGMENT: ?C_INITSEG
*** WARNING L16: UNCALLED SEGMENT, IGNORED FOR OVERLAY PROCESS
    SEGMENT: ?PR?UART_INIT?TEST2
*** WARNING L10: CANNOT DETERMINE ROOT SEGMENT
Program Size: data=28.0 xdata=0 code=275
creating hex file from ".\Output\Test2"...
".\Output\Test2" - 0 Error(s), 8 Warning(s).
Rebuild target '目标 1'
compiling Delay.c...
compiling NRF24L01_RX.c...
compiling Test2.c...
linking...
*** WARNING L16: UNCALLED SEGMENT, IGNORED FOR OVERLAY PROCESS
    SEGMENT: ?PR?_SPI_READ_BUF?NRF24L01_RX
*** WARNING L16: UNCALLED SEGMENT, IGNORED FOR OVERLAY PROCESS
    SEGMENT: ?PR?_SPI_WRITE_BUF?NRF24L01_RX
Program Size: data=30.0 xdata=0 code=462
creating hex file from ".\Output\Test2"...
".\Output\Test2" - 0 Error(s), 2 Warning(s).
Rebuild target '目标 1'
compiling Delay.c...
compiling NRF24L01_RX.c...
compiling Test2.c...
linking...
*** WARNING L16: UNCALLED SEGMENT, IGNORED FOR OVERLAY PROCESS
    SEGMENT: ?PR?_DELAYMS?DELAY
*** WARNING L16: UNCALLED SEGMENT, IGNORED FOR OVERLAY PROCESS
    SEGMENT: ?PR?_SPI_RW_REG?NRF24L01_RX
*** WARNING L16: UNCALLED SEGMENT, IGNORED FOR OVERLAY PROCESS
    SEGMENT: ?PR?_SPI_READ?NRF24L01_RX
*** WARNING L16: UNCALLED SEGMENT, IGNORED FOR OVERLAY PROCESS
    SEGMENT: ?PR?_SPI_READ_BUF?NRF24L01_RX
*** WARNING L16: UNCALLED SEGMENT, IGNORED FOR OVERLAY PROCESS
    SEGMENT: ?PR?_SPI_WRITE_BUF?NRF24L01_RX
*** WARNING L16: UNCALLED SEGMENT, IGNORED FOR OVERLAY PROCESS
    SEGMENT: ?PR?UART_INIT?TEST2
Program Size: data=29.0 xdata=0 code=424
creating hex file from ".\Output\Test2"...
".\Output\Test2" - 0 Error(s), 6 Warning(s).
Rebuild target '目标 1'
compiling Delay.c...
compiling NRF24L01_RX.c...
compiling Test2.c...
linking...
*** WARNING L16: UNCALLED SEGMENT, IGNORED FOR OVERLAY PROCESS
    SEGMENT: ?PR?_DELAYMS?DELAY
*** WARNING L16: UNCALLED SEGMENT, IGNORED FOR OVERLAY PROCESS
    SEGMENT: ?PR?_SPI_RW_REG?NRF24L01_RX
*** WARNING L16: UNCALLED SEGMENT, IGNORED FOR OVERLAY PROCESS
    SEGMENT: ?PR?_SPI_READ?NRF24L01_RX
*** WARNING L16: UNCALLED SEGMENT, IGNORED FOR OVERLAY PROCESS
    SEGMENT: ?PR?_SPI_READ_BUF?NRF24L01_RX
*** WARNING L16: UNCALLED SEGMENT, IGNORED FOR OVERLAY PROCESS
    SEGMENT: ?PR?_SPI_WRITE_BUF?NRF24L01_RX
*** WARNING L16: UNCALLED SEGMENT, IGNORED FOR OVERLAY PROCESS
    SEGMENT: ?PR?UART_INIT?TEST2
Program Size: data=29.0 xdata=0 code=424
creating hex file from ".\Output\Test2"...
".\Output\Test2" - 0 Error(s), 6 Warning(s).
Rebuild target '目标 1'
compiling Delay.c...
compiling NRF24L01_RX.c...
compiling Test2.c...
source code\Test2.c(33): error C141: syntax error near '*'
Target not created
Rebuild target '目标 1'
compiling Delay.c...
compiling NRF24L01_RX.c...
compiling Test2.c...
linking...
*** WARNING L16: UNCALLED SEGMENT, IGNORED FOR OVERLAY PROCESS
    SEGMENT: ?PR?_DELAYMS?DELAY
*** WARNING L16: UNCALLED SEGMENT, IGNORED FOR OVERLAY PROCESS
    SEGMENT: ?PR?_SPI_READ?NRF24L01_RX
*** WARNING L16: UNCALLED SEGMENT, IGNORED FOR OVERLAY PROCESS
    SEGMENT: ?PR?_SPI_READ_BUF?NRF24L01_RX
*** WARNING L16: UNCALLED SEGMENT, IGNORED FOR OVERLAY PROCESS
    SEGMENT: ?PR?_SPI_WRITE_BUF?NRF24L01_RX
*** WARNING L16: UNCALLED SEGMENT, IGNORED FOR OVERLAY PROCESS
    SEGMENT: ?PR?UART_INIT?TEST2
*** WARNING L16: UNCALLED SEGMENT, IGNORED FOR OVERLAY PROCESS
    SEGMENT: ?PR?NRF24L01_TX_MODE?TEST2
Program Size: data=29.0 xdata=0 code=467
creating hex file from ".\Output\Test2"...
".\Output\Test2" - 0 Error(s), 6 Warning(s).
